   1               		.file	"keymap_poker.c"
   2               	__SP_H__ = 0x3e
   3               	__SP_L__ = 0x3d
   4               	__SREG__ = 0x3f
   5               	__tmp_reg__ = 0
   6               	__zero_reg__ = 1
   7               		.text
   8               	.Ltext0:
   9               		.cfi_sections	.debug_frame
  10               	.global	fn_actions
  11               		.section	.progmem.data.fn_actions,"a",@progbits
  14               	fn_actions:
  15 0000 F1A1      		.word	-24079
  16               	.global	keymaps
  17               		.section	.progmem.data.keymaps,"a",@progbits
  20               	keymaps:
  21 0000 29        		.byte	41
  22 0001 1E        		.byte	30
  23 0002 1F        		.byte	31
  24 0003 20        		.byte	32
  25 0004 21        		.byte	33
  26 0005 22        		.byte	34
  27 0006 23        		.byte	35
  28 0007 24        		.byte	36
  29 0008 25        		.byte	37
  30 0009 26        		.byte	38
  31 000a 27        		.byte	39
  32 000b 2D        		.byte	45
  33 000c 2E        		.byte	46
  34 000d 31        		.byte	49
  35 000e 2B        		.byte	43
  36 000f 14        		.byte	20
  37 0010 1A        		.byte	26
  38 0011 08        		.byte	8
  39 0012 15        		.byte	21
  40 0013 17        		.byte	23
  41 0014 1C        		.byte	28
  42 0015 18        		.byte	24
  43 0016 0C        		.byte	12
  44 0017 12        		.byte	18
  45 0018 13        		.byte	19
  46 0019 2F        		.byte	47
  47 001a 30        		.byte	48
  48 001b 2A        		.byte	42
  49 001c C1        		.byte	-63
  50 001d 04        		.byte	4
  51 001e 16        		.byte	22
  52 001f 07        		.byte	7
  53 0020 09        		.byte	9
  54 0021 0A        		.byte	10
  55 0022 0B        		.byte	11
  56 0023 0D        		.byte	13
  57 0024 0E        		.byte	14
  58 0025 0F        		.byte	15
  59 0026 33        		.byte	51
  60 0027 34        		.byte	52
  61 0028 28        		.byte	40
  62 0029 4B        		.byte	75
  63 002a E1        		.byte	-31
  64 002b 1D        		.byte	29
  65 002c 1B        		.byte	27
  66 002d 06        		.byte	6
  67 002e 19        		.byte	25
  68 002f 05        		.byte	5
  69 0030 11        		.byte	17
  70 0031 10        		.byte	16
  71 0032 36        		.byte	54
  72 0033 37        		.byte	55
  73 0034 38        		.byte	56
  74 0035 E5        		.byte	-27
  75 0036 52        		.byte	82
  76 0037 4E        		.byte	78
  77 0038 E0        		.byte	-32
  78 0039 E2        		.byte	-30
  79 003a E3        		.byte	-29
  80 003b 2C        		.byte	44
  81 003c E7        		.byte	-25
  82 003d E6        		.byte	-26
  83 003e 00        		.byte	0
  84 003f 00        		.byte	0
  85 0040 E4        		.byte	-28
  86 0041 00        		.byte	0
  87 0042 00        		.byte	0
  88 0043 00        		.byte	0
  89 0044 50        		.byte	80
  90 0045 51        		.byte	81
  91 0046 35        		.byte	53
  92 0047 3A        		.byte	58
  93 0048 3B        		.byte	59
  94 0049 3C        		.byte	60
  95 004a 3D        		.byte	61
  96 004b 3E        		.byte	62
  97 004c 3F        		.byte	63
  98 004d 40        		.byte	64
  99 004e 41        		.byte	65
 100 004f 42        		.byte	66
 101 0050 43        		.byte	67
 102 0051 44        		.byte	68
 103 0052 45        		.byte	69
 104 0053 01        		.byte	1
 105 0054 01        		.byte	1
 106 0055 01        		.byte	1
 107 0056 01        		.byte	1
 108 0057 01        		.byte	1
 109 0058 01        		.byte	1
 110 0059 01        		.byte	1
 111 005a 01        		.byte	1
 112 005b 01        		.byte	1
 113 005c 01        		.byte	1
 114 005d 01        		.byte	1
 115 005e 01        		.byte	1
 116 005f 01        		.byte	1
 117 0060 01        		.byte	1
 118 0061 01        		.byte	1
 119 0062 01        		.byte	1
 120 0063 01        		.byte	1
 121 0064 01        		.byte	1
 122 0065 01        		.byte	1
 123 0066 01        		.byte	1
 124 0067 01        		.byte	1
 125 0068 01        		.byte	1
 126 0069 01        		.byte	1
 127 006a 01        		.byte	1
 128 006b 01        		.byte	1
 129 006c 01        		.byte	1
 130 006d 01        		.byte	1
 131 006e 01        		.byte	1
 132 006f A8        		.byte	-88
 133 0070 01        		.byte	1
 134 0071 01        		.byte	1
 135 0072 01        		.byte	1
 136 0073 01        		.byte	1
 137 0074 01        		.byte	1
 138 0075 01        		.byte	1
 139 0076 01        		.byte	1
 140 0077 01        		.byte	1
 141 0078 01        		.byte	1
 142 0079 01        		.byte	1
 143 007a 01        		.byte	1
 144 007b 01        		.byte	1
 145 007c 4B        		.byte	75
 146 007d 01        		.byte	1
 147 007e 01        		.byte	1
 148 007f 01        		.byte	1
 149 0080 01        		.byte	1
 150 0081 2C        		.byte	44
 151 0082 01        		.byte	1
 152 0083 01        		.byte	1
 153 0084 00        		.byte	0
 154 0085 00        		.byte	0
 155 0086 01        		.byte	1
 156 0087 00        		.byte	0
 157 0088 00        		.byte	0
 158 0089 00        		.byte	0
 159 008a 01        		.byte	1
 160 008b 4E        		.byte	78
 161               		.comm	keymap_config,1,1
 162               		.text
 163               	.Letext0:
 164               		.file 1 "/usr/local/CrossPack-AVR-20131216/avr/include/stdint.h"
 165               		.file 2 "../../tmk_core/common/keycode.h"
 166               		.file 3 "../../tmk_core/common/action_code.h"
 167               		.file 4 "../../tmk_core/common/keymap.h"
 168               		.file 5 "../../tmk_core/protocol/lufa/LUFA-git/LUFA/Drivers/USB/Core/USBTask.h"
 169               		.file 6 "keymap_poker.c"
DEFINED SYMBOLS
                            *ABS*:00000000 keymap_poker.c
/var/folders/1n/7_pxd1gd79b8r2krz1090vjm0000gn/T//cccyMp43.s:2      *ABS*:0000003e __SP_H__
/var/folders/1n/7_pxd1gd79b8r2krz1090vjm0000gn/T//cccyMp43.s:3      *ABS*:0000003d __SP_L__
/var/folders/1n/7_pxd1gd79b8r2krz1090vjm0000gn/T//cccyMp43.s:4      *ABS*:0000003f __SREG__
/var/folders/1n/7_pxd1gd79b8r2krz1090vjm0000gn/T//cccyMp43.s:5      *ABS*:00000000 __tmp_reg__
/var/folders/1n/7_pxd1gd79b8r2krz1090vjm0000gn/T//cccyMp43.s:6      *ABS*:00000001 __zero_reg__
/var/folders/1n/7_pxd1gd79b8r2krz1090vjm0000gn/T//cccyMp43.s:14     .progmem.data.fn_actions:00000000 fn_actions
/var/folders/1n/7_pxd1gd79b8r2krz1090vjm0000gn/T//cccyMp43.s:20     .progmem.data.keymaps:00000000 keymaps
                            *COM*:00000001 keymap_config

UNDEFINED SYMBOLS
__do_clear_bss
